<?xml version="1.0" encoding="UTF-8"?>
<!-- Generated by org.testng.reporters.JUnitReportReporter -->
<testsuite skipped="0" hostname="DESKTOP-LKM5JTJ" name="com.qa.realerp.tests.HomePageTest" tests="3" failures="0" timestamp="22 Jan 2021 15:03:25 GMT" time="5.666" errors="0">
  <testcase name="verifyPageTitleTest" time="0.009" classname="com.qa.realerp.tests.HomePageTest"/>
  <testcase name="verifyHRMLinkVisibilityTest" time="0.047" classname="com.qa.realerp.tests.HomePageTest"/>
  <testcase name="verifyNavigationToHRMPageTest" time="5.610" classname="com.qa.realerp.tests.HomePageTest"/>
</testsuite> <!-- com.qa.realerp.tests.HomePageTest -->
