<?xml version="1.0" encoding="UTF-8"?>
<!-- Generated by org.testng.reporters.JUnitReportReporter -->
<testsuite skipped="1" hostname="DESKTOP-LKM5JTJ" name="com.qa.realerp.tests.LoginPageTest" tests="4" failures="0" timestamp="22 Jan 2021 15:03:25 GMT" time="10.872" errors="0">
  <testcase name="verifyPageTitleTest" time="0.760" classname="com.qa.realerp.tests.LoginPageTest"/>
  <testcase name="verifyForgotPasswordLinkTest" time="0.547" classname="com.qa.realerp.tests.LoginPageTest"/>
  <testcase name="verifyValidLoginTest" time="9.565" classname="com.qa.realerp.tests.LoginPageTest"/>
  <testcase name="verifyInvalidLogin" classname="com.qa.realerp.tests.LoginPageTest">
    <skipped/>
  </testcase> <!-- verifyInvalidLogin -->
</testsuite> <!-- com.qa.realerp.tests.LoginPageTest -->
